{"C:\\Users\\HP360\\projet-medical\\auth-service\\src\\config\\database.js": {"path":"C:\\Users\\HP360\\projet-medical\\auth-service\\src\\config\\database.js","statementMap":{"0":{"start":{"line":1,"column":18},"end":{"line":1,"column":31}},"1":{"start":{"line":2,"column":0},"end":{"line":2,"column":27}},"2":{"start":{"line":4,"column":13},"end":{"line":10,"column":2}},"3":{"start":{"line":12,"column":0},"end":{"line":12,"column":22}}},"fnMap":{},"branchMap":{},"s":{"0":1,"1":1,"2":1,"3":1},"f":{},"b":{},"_coverageSchema":"1a1c01bbd47fc00a2c39e90264f33305004495a9","hash":"fc4c16a58eb012afa415c37c574f1f051170c55e"}
,"C:\\Users\\HP360\\projet-medical\\auth-service\\src\\routes\\auth.js": {"path":"C:\\Users\\HP360\\projet-medical\\auth-service\\src\\routes\\auth.js","statementMap":{"0":{"start":{"line":1,"column":17},"end":{"line":1,"column":35}},"1":{"start":{"line":2,"column":15},"end":{"line":2,"column":34}},"2":{"start":{"line":3,"column":12},"end":{"line":3,"column":35}},"3":{"start":{"line":4,"column":13},"end":{"line":4,"column":42}},"4":{"start":{"line":5,"column":0},"end":{"line":5,"column":27}},"5":{"start":{"line":7,"column":15},"end":{"line":7,"column":31}},"6":{"start":{"line":10,"column":0},"end":{"line":39,"column":3}},"7":{"start":{"line":11,"column":2},"end":{"line":38,"column":3}},"8":{"start":{"line":12,"column":43},"end":{"line":12,"column":51}},"9":{"start":{"line":15,"column":23},"end":{"line":17,"column":5}},"10":{"start":{"line":18,"column":4},"end":{"line":20,"column":5}},"11":{"start":{"line":19,"column":6},"end":{"line":19,"column":69}},"12":{"start":{"line":23,"column":25},"end":{"line":23,"column":56}},"13":{"start":{"line":26,"column":20},"end":{"line":29,"column":5}},"14":{"start":{"line":31,"column":4},"end":{"line":34,"column":7}},"15":{"start":{"line":37,"column":4},"end":{"line":37,"column":78}},"16":{"start":{"line":42,"column":0},"end":{"line":81,"column":3}},"17":{"start":{"line":43,"column":2},"end":{"line":80,"column":3}},"18":{"start":{"line":44,"column":32},"end":{"line":44,"column":40}},"19":{"start":{"line":47,"column":17},"end":{"line":49,"column":5}},"20":{"start":{"line":50,"column":4},"end":{"line":52,"column":5}},"21":{"start":{"line":51,"column":6},"end":{"line":51,"column":82}},"22":{"start":{"line":55,"column":27},"end":{"line":55,"column":85}},"23":{"start":{"line":56,"column":4},"end":{"line":58,"column":5}},"24":{"start":{"line":57,"column":6},"end":{"line":57,"column":82}},"25":{"start":{"line":61,"column":18},"end":{"line":65,"column":5}},"26":{"start":{"line":67,"column":4},"end":{"line":76,"column":7}},"27":{"start":{"line":79,"column":4},"end":{"line":79,"column":78}},"28":{"start":{"line":83,"column":0},"end":{"line":83,"column":24}}},"fnMap":{"0":{"name":"(anonymous_0)","decl":{"start":{"line":10,"column":25},"end":{"line":10,"column":26}},"loc":{"start":{"line":10,"column":45},"end":{"line":39,"column":1}},"line":10},"1":{"name":"(anonymous_1)","decl":{"start":{"line":42,"column":22},"end":{"line":42,"column":23}},"loc":{"start":{"line":42,"column":42},"end":{"line":81,"column":1}},"line":42}},"branchMap":{"0":{"loc":{"start":{"line":18,"column":4},"end":{"line":20,"column":5}},"type":"if","locations":[{"start":{"line":18,"column":4},"end":{"line":20,"column":5}},{"start":{},"end":{}}],"line":18},"1":{"loc":{"start":{"line":28,"column":33},"end":{"line":28,"column":50}},"type":"binary-expr","locations":[{"start":{"line":28,"column":33},"end":{"line":28,"column":37}},{"start":{"line":28,"column":41},"end":{"line":28,"column":50}}],"line":28},"2":{"loc":{"start":{"line":50,"column":4},"end":{"line":52,"column":5}},"type":"if","locations":[{"start":{"line":50,"column":4},"end":{"line":52,"column":5}},{"start":{},"end":{}}],"line":50},"3":{"loc":{"start":{"line":56,"column":4},"end":{"line":58,"column":5}},"type":"if","locations":[{"start":{"line":56,"column":4},"end":{"line":58,"column":5}},{"start":{},"end":{}}],"line":56}},"s":{"0":1,"1":1,"2":1,"3":1,"4":1,"5":1,"6":1,"7":4,"8":4,"9":4,"10":4,"11":1,"12":3,"13":3,"14":3,"15":0,"16":1,"17":2,"18":2,"19":2,"20":2,"21":0,"22":2,"23":2,"24":1,"25":1,"26":1,"27":0,"28":1},"f":{"0":4,"1":2},"b":{"0":[1,3],"1":[3,0],"2":[0,2],"3":[1,1]},"_coverageSchema":"1a1c01bbd47fc00a2c39e90264f33305004495a9","hash":"889b11b71d322b25341cf143e10823e41946b9e9"}
}
