TN:
SF:src\config\database.js
FNF:0
FNH:0
DA:1,1
DA:2,1
DA:4,1
DA:12,1
LF:4
LH:4
BRF:0
BRH:0
end_of_record
TN:
SF:src\routes\auth.js
FN:10,(anonymous_0)
FN:42,(anonymous_1)
FNF:2
FNH:2
FNDA:4,(anonymous_0)
FNDA:2,(anonymous_1)
DA:1,1
DA:2,1
DA:3,1
DA:4,1
DA:5,1
DA:7,1
DA:10,1
DA:11,4
DA:12,4
DA:15,4
DA:18,4
DA:19,1
DA:23,3
DA:26,3
DA:31,3
DA:37,0
DA:42,1
DA:43,2
DA:44,2
DA:47,2
DA:50,2
DA:51,0
DA:55,2
DA:56,2
DA:57,1
DA:61,1
DA:67,1
DA:79,0
DA:83,1
LF:29
LH:26
BRDA:18,0,0,1
BRDA:18,0,1,3
BRDA:28,1,0,3
BRDA:28,1,1,0
BRDA:50,2,0,0
BRDA:50,2,1,2
BRDA:56,3,0,1
BRDA:56,3,1,1
BRF:8
BRH:6
end_of_record
